<?xml version="1.0" encoding="UTF-8"?>
<testsuite name="com.jojoldu.book.springboot.HelloControllerTest" tests="2" skipped="0" failures="0" errors="0" timestamp="2022-08-07T05:43:31" hostname="DESKTOP-71386SR" time="0.221">
  <properties/>
  <testcase name="hello가_리턴된다" classname="com.jojoldu.book.springboot.HelloControllerTest" time="0.094"/>
  <testcase name="helloDto가_리턴된다" classname="com.jojoldu.book.springboot.HelloControllerTest" time="0.126"/>
  <system-out><![CDATA[2022-08-07 14:43:30.598  INFO 12048 --- [    Test worker] .b.t.a.w.s.WebMvcTestContextBootstrapper : Neither @ContextConfiguration nor @ContextHierarchy found for test class [com.jojoldu.book.springboot.HelloControllerTest], using SpringBootContextLoader
2022-08-07 14:43:30.599  INFO 12048 --- [    Test worker] o.s.t.c.support.AbstractContextLoader    : Could not detect default resource locations for test class [com.jojoldu.book.springboot.HelloControllerTest]: no resource found for suffixes {-context.xml, Context.groovy}.
2022-08-07 14:43:30.600  INFO 12048 --- [    Test worker] t.c.s.AnnotationConfigContextLoaderUtils : Could not detect default configuration classes for test class [com.jojoldu.book.springboot.HelloControllerTest]: HelloControllerTest does not declare any static, non-private, non-final, nested classes annotated with @Configuration.
2022-08-07 14:43:30.624  INFO 12048 --- [    Test worker] .b.t.c.SpringBootTestContextBootstrapper : Found @SpringBootConfiguration com.jojoldu.book.springboot.Application for test class com.jojoldu.book.springboot.HelloControllerTest
2022-08-07 14:43:30.624  INFO 12048 --- [    Test worker] .b.t.a.w.s.WebMvcTestContextBootstrapper : Loaded default TestExecutionListener class names from location [META-INF/spring.factories]: [org.springframework.security.test.context.support.WithSecurityContextTestExecutionListener, org.springframework.security.test.context.support.ReactorContextTestExecutionListener, org.springframework.boot.test.autoconfigure.restdocs.RestDocsTestExecutionListener, org.springframework.boot.test.autoconfigure.web.client.MockRestServiceServerResetTestExecutionListener, org.springframework.boot.test.autoconfigure.web.servlet.MockMvcPrintOnlyOnFailureTestExecutionListener, org.springframework.boot.test.autoconfigure.web.servlet.WebDriverTestExecutionListener, org.springframework.boot.test.mock.mockito.MockitoTestExecutionListener, org.springframework.boot.test.mock.mockito.ResetMocksTestExecutionListener, org.springframework.test.context.web.ServletTestExecutionListener, org.springframework.test.context.support.DirtiesContextBeforeModesTestExecutionListener, org.springframework.test.context.support.DependencyInjectionTestExecutionListener, org.springframework.test.context.support.DirtiesContextTestExecutionListener, org.springframework.test.context.transaction.TransactionalTestExecutionListener, org.springframework.test.context.jdbc.SqlScriptsTestExecutionListener]
2022-08-07 14:43:30.626  INFO 12048 --- [    Test worker] .b.t.a.w.s.WebMvcTestContextBootstrapper : Using TestExecutionListeners: [org.springframework.test.context.web.ServletTestExecutionListener@17b203da, org.springframework.test.context.support.DirtiesContextBeforeModesTestExecutionListener@68d819a7, org.springframework.boot.test.mock.mockito.MockitoTestExecutionListener@6685d9f1, org.springframework.boot.test.autoconfigure.SpringBootDependencyInjectionTestExecutionListener@2cd81e83, org.springframework.test.context.support.DirtiesContextTestExecutionListener@2bf36411, org.springframework.test.context.transaction.TransactionalTestExecutionListener@3ce45e9, org.springframework.test.context.jdbc.SqlScriptsTestExecutionListener@4b4c4e30, org.springframework.security.test.context.support.WithSecurityContextTestExecutionListener@278c6ddc, org.springframework.security.test.context.support.ReactorContextTestExecutionListener@176f46d0, org.springframework.boot.test.autoconfigure.restdocs.RestDocsTestExecutionListener@667fb8d9, org.springframework.boot.test.autoconfigure.web.client.MockRestServiceServerResetTestExecutionListener@4f6b47e8, org.springframework.boot.test.autoconfigure.web.servlet.MockMvcPrintOnlyOnFailureTestExecutionListener@b4d2154, org.springframework.boot.test.autoconfigure.web.servlet.WebDriverTestExecutionListener@66f9af2b, org.springframework.boot.test.mock.mockito.ResetMocksTestExecutionListener@7ddb6a5d]

  .   ____          _            __ _ _
 /\\ / ___'_ __ _ _(_)_ __  __ _ \ \ \ \
( ( )\___ | '_ | '_| | '_ \/ _` | \ \ \ \
 \\/  ___)| |_)| | | | | || (_| |  ) ) ) )
  '  |____| .__|_| |_|_| |_\__, | / / / /
 =========|_|==============|___/=/_/_/_/
 :: Spring Boot ::        (v2.1.7.RELEASE)

2022-08-07 14:43:30.666  INFO 12048 --- [    Test worker] c.j.book.springboot.HelloControllerTest  : Starting HelloControllerTest on DESKTOP-71386SR with PID 12048 (started by hal8h in C:\Users\hal8h\javajavajava2\springboot_practice)
2022-08-07 14:43:30.667  INFO 12048 --- [    Test worker] c.j.book.springboot.HelloControllerTest  : No active profile set, falling back to default profiles: default
2022-08-07 14:43:31.224  INFO 12048 --- [    Test worker] o.s.s.concurrent.ThreadPoolTaskExecutor  : Initializing ExecutorService 'applicationTaskExecutor'
2022-08-07 14:43:31.269  INFO 12048 --- [    Test worker] o.s.b.a.w.s.WelcomePageHandlerMapping    : Adding welcome page template: index
2022-08-07 14:43:31.552  INFO 12048 --- [    Test worker] .s.s.UserDetailsServiceAutoConfiguration : 

Using generated security password: 9e889413-2cfd-46b4-ae14-205be61e0c88

2022-08-07 14:43:31.728  INFO 12048 --- [    Test worker] o.s.s.web.DefaultSecurityFilterChain     : Creating filter chain: any request, [org.springframework.security.web.context.request.async.WebAsyncManagerIntegrationFilter@763cc4be, org.springframework.security.web.context.SecurityContextPersistenceFilter@257704b4, org.springframework.security.web.header.HeaderWriterFilter@37506bd, org.springframework.security.web.csrf.CsrfFilter@18c2fc59, org.springframework.security.web.authentication.logout.LogoutFilter@1df86984, org.springframework.security.web.authentication.UsernamePasswordAuthenticationFilter@76df2b5e, org.springframework.security.web.authentication.ui.DefaultLoginPageGeneratingFilter@76598e03, org.springframework.security.web.authentication.ui.DefaultLogoutPageGeneratingFilter@2fba7f70, org.springframework.security.web.authentication.www.BasicAuthenticationFilter@11c2bfbf, org.springframework.security.web.savedrequest.RequestCacheAwareFilter@1a19871, org.springframework.security.web.servletapi.SecurityContextHolderAwareRequestFilter@2a4a3616, org.springframework.security.web.authentication.AnonymousAuthenticationFilter@2b81127f, org.springframework.security.web.session.SessionManagementFilter@cda12be, org.springframework.security.web.access.ExceptionTranslationFilter@37e26201, org.springframework.security.web.access.intercept.FilterSecurityInterceptor@fe049b9]
2022-08-07 14:43:31.782  INFO 12048 --- [    Test worker] o.s.b.t.m.w.SpringBootMockServletContext : Initializing Spring TestDispatcherServlet ''
2022-08-07 14:43:31.782  INFO 12048 --- [    Test worker] o.s.t.web.servlet.TestDispatcherServlet  : Initializing Servlet ''
2022-08-07 14:43:31.800  INFO 12048 --- [    Test worker] o.s.t.web.servlet.TestDispatcherServlet  : Completed initialization in 18 ms
2022-08-07 14:43:31.839  INFO 12048 --- [    Test worker] c.j.book.springboot.HelloControllerTest  : Started HelloControllerTest in 1.211 seconds (JVM running for 12.323)
]]></system-out>
  <system-err><![CDATA[]]></system-err>
</testsuite>
